/*C3*/SET SCHEMA PUBLIC
DISCONNECT
/*C4*/SET SCHEMA PUBLIC
DISCONNECT
/*C5*/SET SCHEMA PUBLIC
DISCONNECT
/*C6*/SET SCHEMA PUBLIC
DISCONNECT
/*C7*/SET SCHEMA PUBLIC
DISCONNECT
/*C8*/SET SCHEMA PUBLIC
DISCONNECT
/*C9*/SET SCHEMA PUBLIC
DISCONNECT
/*C10*/SET SCHEMA PUBLIC
DISCONNECT
/*C11*/SET SCHEMA PUBLIC
DISCONNECT
/*C12*/SET SCHEMA PUBLIC
DISCONNECT
/*C13*/SET SCHEMA PUBLIC
DISCONNECT
/*C14*/SET SCHEMA PUBLIC
DISCONNECT
/*C15*/SET SCHEMA PUBLIC
DISCONNECT
/*C16*/SET SCHEMA PUBLIC
DISCONNECT
/*C17*/SET SCHEMA PUBLIC
DISCONNECT
/*C18*/SET SCHEMA PUBLIC
DISCONNECT
/*C19*/SET SCHEMA PUBLIC
DISCONNECT
/*C20*/SET SCHEMA PUBLIC
DISCONNECT
/*C21*/SET SCHEMA PUBLIC
DISCONNECT
/*C22*/SET SCHEMA PUBLIC
DELETE FROM PISOS WHERE ID=1
DELETE FROM PISOS WHERE ID=2
DELETE FROM PISOS WHERE ID=3
DELETE FROM PISOS WHERE ID=4
DELETE FROM PISOS WHERE ID=5
DELETE FROM PISOS WHERE ID=7
DELETE FROM PISOS WHERE ID=8
DELETE FROM PISOS WHERE ID=9
DELETE FROM PISOS WHERE ID=10
DELETE FROM PISOS WHERE ID=11
DELETE FROM PISOS WHERE ID=12
DELETE FROM PISOS WHERE ID=13
DELETE FROM PISOS WHERE ID=14
DELETE FROM PISOS WHERE ID=15
DELETE FROM PISOS WHERE ID=16
DELETE FROM PISOS WHERE ID=17
DELETE FROM PISOS WHERE ID=18
DELETE FROM PISOS WHERE ID=19
DELETE FROM PISOS WHERE ID=20
DELETE FROM PISOS WHERE ID=21
DELETE FROM PISOS WHERE ID=22
DELETE FROM PISOS WHERE ID=23
DELETE FROM PISOS WHERE ID=24
DELETE FROM PISOS WHERE ID=25
DELETE FROM PISOS WHERE ID=26
DELETE FROM PISOS WHERE ID=27
DELETE FROM PISOS WHERE ID=28
DELETE FROM PISOS WHERE ID=29
DELETE FROM PISOS WHERE ID=30
DELETE FROM PISOS WHERE ID=31
DELETE FROM PISOS WHERE ID=32
DELETE FROM PISOS WHERE ID=33
DELETE FROM PISOS WHERE ID=34
DELETE FROM PISOS WHERE ID=35
DELETE FROM PISOS WHERE ID=36
DELETE FROM PISOS WHERE ID=37
DELETE FROM PISOS WHERE ID=315
DELETE FROM PISOS WHERE ID=316
DELETE FROM PISOS WHERE ID=317
DELETE FROM PISOS WHERE ID=318
DELETE FROM PISOS WHERE ID=319
COMMIT
DELETE FROM AGENTES WHERE ID=1
DELETE FROM AGENTES WHERE ID=2
COMMIT
INSERT INTO AGENTES VALUES(1,'agente1','clave1')
COMMIT
INSERT INTO AGENTES VALUES(2,'agente2','clave2')
COMMIT
DISCONNECT
/*C23*/SET SCHEMA PUBLIC
DISCONNECT
/*C24*/SET SCHEMA PUBLIC
DISCONNECT
/*C25*/SET SCHEMA PUBLIC
DISCONNECT
/*C26*/SET SCHEMA PUBLIC
DISCONNECT
/*C27*/SET SCHEMA PUBLIC
DISCONNECT
/*C28*/SET SCHEMA PUBLIC
DISCONNECT
/*C29*/SET SCHEMA PUBLIC
DISCONNECT
/*C30*/SET SCHEMA PUBLIC
DISCONNECT
/*C31*/SET SCHEMA PUBLIC
DISCONNECT
/*C32*/SET SCHEMA PUBLIC
DISCONNECT
/*C33*/SET SCHEMA PUBLIC
DISCONNECT
/*C34*/SET SCHEMA PUBLIC
DISCONNECT
/*C35*/SET SCHEMA PUBLIC
DISCONNECT
/*C36*/SET SCHEMA PUBLIC
DISCONNECT
/*C37*/SET SCHEMA PUBLIC
DISCONNECT
/*C38*/SET SCHEMA PUBLIC
DISCONNECT
/*C39*/SET SCHEMA PUBLIC
DISCONNECT
/*C40*/SET SCHEMA PUBLIC
DISCONNECT
/*C41*/SET SCHEMA PUBLIC
DISCONNECT
/*C42*/SET SCHEMA PUBLIC
DISCONNECT
/*C43*/SET SCHEMA PUBLIC
DISCONNECT
/*C44*/SET SCHEMA PUBLIC
DISCONNECT
/*C45*/SET SCHEMA PUBLIC
DISCONNECT
/*C46*/SET SCHEMA PUBLIC
DISCONNECT
/*C47*/SET SCHEMA PUBLIC
DISCONNECT
/*C48*/SET SCHEMA PUBLIC
DISCONNECT
/*C49*/SET SCHEMA PUBLIC
DISCONNECT
/*C50*/SET SCHEMA PUBLIC
DISCONNECT
/*C51*/SET SCHEMA PUBLIC
DISCONNECT
/*C52*/SET SCHEMA PUBLIC
DISCONNECT
/*C53*/SET SCHEMA PUBLIC
DISCONNECT
/*C54*/SET SCHEMA PUBLIC
DISCONNECT
/*C55*/SET SCHEMA PUBLIC
DISCONNECT
/*C56*/SET SCHEMA PUBLIC
DISCONNECT
/*C57*/SET SCHEMA PUBLIC
DISCONNECT
/*C58*/SET SCHEMA PUBLIC
DISCONNECT
/*C59*/SET SCHEMA PUBLIC
DISCONNECT
/*C60*/SET SCHEMA PUBLIC
DISCONNECT
/*C61*/SET SCHEMA PUBLIC
DISCONNECT
/*C62*/SET SCHEMA PUBLIC
DISCONNECT
/*C63*/SET SCHEMA PUBLIC
DISCONNECT
/*C64*/SET SCHEMA PUBLIC
DISCONNECT
/*C65*/SET SCHEMA PUBLIC
DISCONNECT
/*C66*/SET SCHEMA PUBLIC
DISCONNECT
/*C67*/SET SCHEMA PUBLIC
DISCONNECT
/*C68*/SET SCHEMA PUBLIC
DISCONNECT
/*C69*/SET SCHEMA PUBLIC
DISCONNECT
/*C70*/SET SCHEMA PUBLIC
DISCONNECT
/*C71*/SET SCHEMA PUBLIC
DISCONNECT
/*C72*/SET SCHEMA PUBLIC
DISCONNECT
/*C73*/SET SCHEMA PUBLIC
DISCONNECT
/*C74*/SET SCHEMA PUBLIC
DISCONNECT
/*C75*/SET SCHEMA PUBLIC
DISCONNECT
/*C76*/SET SCHEMA PUBLIC
DISCONNECT
/*C77*/SET SCHEMA PUBLIC
INSERT INTO PISOS VALUES(323,1,291611.0E0,'Plaza Gabino Diaz Merchan, 1','Oviedo',1998,3,'/album/foto1.jpg')
COMMIT
DISCONNECT
/*C78*/SET SCHEMA PUBLIC
DISCONNECT
/*C79*/SET SCHEMA PUBLIC
DISCONNECT
/*C80*/SET SCHEMA PUBLIC
INSERT INTO PISOS VALUES(324,1,84270.0E0,'avenida de La Tenderina, 7','Oviedo',1982,2,'/album/foto2.jpg')
COMMIT
DISCONNECT
/*C81*/SET SCHEMA PUBLIC
DISCONNECT
/*C82*/SET SCHEMA PUBLIC
DISCONNECT
/*C83*/SET SCHEMA PUBLIC
INSERT INTO PISOS VALUES(325,1,274185.0E0,'Plaza Primo Rivera, 3','Oviedo',1972,2,'/album/foto3.jpg')
COMMIT
DISCONNECT
/*C84*/SET SCHEMA PUBLIC
DISCONNECT
/*C85*/SET SCHEMA PUBLIC
DISCONNECT
/*C86*/SET SCHEMA PUBLIC
INSERT INTO PISOS VALUES(326,1,106227.0E0,'Santa Susana, 2','Oviedo',1954,4,'/album/foto4.jpg')
COMMIT
DISCONNECT
/*C87*/SET SCHEMA PUBLIC
DISCONNECT
/*C88*/SET SCHEMA PUBLIC
DISCONNECT
/*C89*/SET SCHEMA PUBLIC
INSERT INTO PISOS VALUES(327,1,53601.0E0,'San Pedro Mestallon, 3','Oviedo',1992,5,'/album/foto5.jpg')
COMMIT
DISCONNECT
/*C90*/SET SCHEMA PUBLIC
DISCONNECT
/*C91*/SET SCHEMA PUBLIC
DISCONNECT
/*C92*/SET SCHEMA PUBLIC
INSERT INTO PISOS VALUES(328,1,487812.0E0,'Carretera de La Costa, 110','Gijon',2010,5,'/album/foto6.jpg')
COMMIT
DISCONNECT
/*C93*/SET SCHEMA PUBLIC
DISCONNECT
/*C94*/SET SCHEMA PUBLIC
DISCONNECT
/*C95*/SET SCHEMA PUBLIC
INSERT INTO PISOS VALUES(329,1,261888.0E0,'avenida Schultz, 95','Gijon',1978,4,'/album/foto7.jpg')
COMMIT
DISCONNECT
/*C96*/SET SCHEMA PUBLIC
DISCONNECT
/*C97*/SET SCHEMA PUBLIC
DISCONNECT
/*C98*/SET SCHEMA PUBLIC
INSERT INTO PISOS VALUES(330,1,327489.0E0,'avenida del Llano, 30','Gijon',1999,3,'/album/foto8.jpg')
COMMIT
DISCONNECT
/*C99*/SET SCHEMA PUBLIC
DISCONNECT
/*C100*/SET SCHEMA PUBLIC
DISCONNECT
/*C101*/SET SCHEMA PUBLIC
INSERT INTO PISOS VALUES(331,1,67689.0E0,'Plaza del Carmen, 2','Gijon',2005,3,'/album/foto9.jpg')
COMMIT
DISCONNECT
/*C102*/SET SCHEMA PUBLIC
DISCONNECT
/*C103*/SET SCHEMA PUBLIC
DISCONNECT
/*C104*/SET SCHEMA PUBLIC
INSERT INTO PISOS VALUES(332,1,352115.0E0,'Corrida, 5','Gijon',1977,2,'/album/foto10.jpg')
COMMIT
DISCONNECT
/*C105*/SET SCHEMA PUBLIC
DISCONNECT
/*C106*/SET SCHEMA PUBLIC
DISCONNECT
/*C107*/SET SCHEMA PUBLIC
INSERT INTO PISOS VALUES(333,1,372214.0E0,'Corrida, 5 Entreplanta','Gijon',1954,2,'/album/foto11.jpg')
COMMIT
DISCONNECT
/*C108*/SET SCHEMA PUBLIC
DISCONNECT
/*C109*/SET SCHEMA PUBLIC
DISCONNECT
/*C110*/SET SCHEMA PUBLIC
INSERT INTO PISOS VALUES(334,1,390715.0E0,'Plaza del Carmen, 2','Gijon',2006,3,'/album/foto12.jpg')
COMMIT
DISCONNECT
/*C111*/SET SCHEMA PUBLIC
DISCONNECT
/*C112*/SET SCHEMA PUBLIC
DISCONNECT
/*C113*/SET SCHEMA PUBLIC
INSERT INTO PISOS VALUES(335,1,263032.0E0,'Uria, 34','Gijon',1983,5,'/album/foto13.jpg')
COMMIT
DISCONNECT
/*C114*/SET SCHEMA PUBLIC
DISCONNECT
/*C115*/SET SCHEMA PUBLIC
DISCONNECT
/*C116*/SET SCHEMA PUBLIC
INSERT INTO PISOS VALUES(336,1,449565.0E0,'avenida constitucion, 64','Gijon',1959,3,'/album/foto14.jpg')
COMMIT
DISCONNECT
/*C117*/SET SCHEMA PUBLIC
DISCONNECT
/*C118*/SET SCHEMA PUBLIC
DISCONNECT
/*C119*/SET SCHEMA PUBLIC
INSERT INTO PISOS VALUES(337,1,67452.0E0,'Camara, 33','aviles',1976,1,'/album/foto15.jpg')
COMMIT
DISCONNECT
/*C120*/SET SCHEMA PUBLIC
DISCONNECT
/*C121*/SET SCHEMA PUBLIC
DISCONNECT
/*C122*/SET SCHEMA PUBLIC
INSERT INTO PISOS VALUES(338,1,448391.0E0,'Francisco Legorburu, 6','aviles',2016,1,'/album/foto16.jpg')
COMMIT
DISCONNECT
/*C123*/SET SCHEMA PUBLIC
DISCONNECT
/*C124*/SET SCHEMA PUBLIC
DISCONNECT
/*C125*/SET SCHEMA PUBLIC
INSERT INTO PISOS VALUES(339,1,253116.0E0,'Leon Y Escosura, 3','Oviedo',1972,1,'/album/foto17.jpg')
COMMIT
DISCONNECT
/*C126*/SET SCHEMA PUBLIC
DISCONNECT
/*C127*/SET SCHEMA PUBLIC
DISCONNECT
/*C128*/SET SCHEMA PUBLIC
INSERT INTO PISOS VALUES(340,1,54482.0E0,'Plaza de Cuatro Ca\u00c3\u00b1os, 8 Bajo','Oviedo',1952,4,'/album/foto18.jpg')
COMMIT
DISCONNECT
/*C129*/SET SCHEMA PUBLIC
DISCONNECT
/*C130*/SET SCHEMA PUBLIC
DISCONNECT
/*C131*/SET SCHEMA PUBLIC
INSERT INTO PISOS VALUES(341,1,184286.0E0,'Mendizabal, 1','Oviedo',1991,1,'/album/foto19.jpg')
COMMIT
DISCONNECT
/*C132*/SET SCHEMA PUBLIC
DISCONNECT
/*C133*/SET SCHEMA PUBLIC
DISCONNECT
/*C134*/SET SCHEMA PUBLIC
INSERT INTO PISOS VALUES(342,1,489822.0E0,'Bermudez de Castro, 6','Oviedo',1974,5,'/album/foto20.jpg')
COMMIT
DISCONNECT
/*C135*/SET SCHEMA PUBLIC
DISCONNECT
/*C136*/SET SCHEMA PUBLIC
DISCONNECT
/*C137*/SET SCHEMA PUBLIC
INSERT INTO PISOS VALUES(343,1,444621.0E0,'Mendizabal, 1','Oviedo',1982,5,'/album/foto21.jpg')
COMMIT
DISCONNECT
/*C138*/SET SCHEMA PUBLIC
DISCONNECT
/*C139*/SET SCHEMA PUBLIC
DISCONNECT
/*C140*/SET SCHEMA PUBLIC
INSERT INTO PISOS VALUES(344,1,404299.0E0,'Reyes Catolicos, 5','Oviedo',1971,2,'/album/foto22.jpg')
COMMIT
DISCONNECT
/*C141*/SET SCHEMA PUBLIC
DISCONNECT
/*C142*/SET SCHEMA PUBLIC
DISCONNECT
/*C143*/SET SCHEMA PUBLIC
INSERT INTO PISOS VALUES(345,1,378058.0E0,'Covadonga, 6','Oviedo',1987,3,'/album/foto23.jpg')
COMMIT
DISCONNECT
/*C144*/SET SCHEMA PUBLIC
DISCONNECT
/*C145*/SET SCHEMA PUBLIC
DISCONNECT
/*C146*/SET SCHEMA PUBLIC
INSERT INTO PISOS VALUES(346,1,209452.0E0,'avenida Santander, 12','Oviedo',1962,5,'/album/foto24.jpg')
COMMIT
DISCONNECT
/*C147*/SET SCHEMA PUBLIC
DISCONNECT
/*C148*/SET SCHEMA PUBLIC
DISCONNECT
/*C149*/SET SCHEMA PUBLIC
INSERT INTO PISOS VALUES(347,1,351752.0E0,'Marques de Pidal, 9','Oviedo',1969,4,'/album/foto25.jpg')
COMMIT
DISCONNECT
/*C150*/SET SCHEMA PUBLIC
DISCONNECT
/*C151*/SET SCHEMA PUBLIC
DISCONNECT
/*C152*/SET SCHEMA PUBLIC
INSERT INTO PISOS VALUES(348,1,446278.0E0,'avenida Galicia, 5','Oviedo',1974,3,'/album/foto26.jpg')
COMMIT
DISCONNECT
/*C153*/SET SCHEMA PUBLIC
DISCONNECT
/*C154*/SET SCHEMA PUBLIC
DISCONNECT
/*C155*/SET SCHEMA PUBLIC
INSERT INTO PISOS VALUES(349,1,260795.0E0,'Plaza 6 de agosto, 6','Gijon',1981,2,'/album/foto27.jpg')
COMMIT
DISCONNECT
/*C156*/SET SCHEMA PUBLIC
DISCONNECT
/*C157*/SET SCHEMA PUBLIC
DISCONNECT
/*C158*/SET SCHEMA PUBLIC
INSERT INTO PISOS VALUES(350,1,492852.0E0,'avenida argentina, 72','Gijon',2011,2,'/album/foto28.jpg')
COMMIT
DISCONNECT
/*C159*/SET SCHEMA PUBLIC
DISCONNECT
/*C160*/SET SCHEMA PUBLIC
DISCONNECT
/*C161*/SET SCHEMA PUBLIC
INSERT INTO PISOS VALUES(351,1,217095.0E0,'avenida Castilla, 6','Gijon',1980,4,'/album/foto29.jpg')
COMMIT
DISCONNECT
/*C162*/SET SCHEMA PUBLIC
DISCONNECT
/*C163*/SET SCHEMA PUBLIC
DISCONNECT
/*C164*/SET SCHEMA PUBLIC
INSERT INTO PISOS VALUES(352,1,83368.0E0,'San Bernardo, 45','Gijon',1977,4,'/album/foto30.jpg')
COMMIT
DISCONNECT
/*C165*/SET SCHEMA PUBLIC
DISCONNECT
/*C166*/SET SCHEMA PUBLIC
DISCONNECT
/*C167*/SET SCHEMA PUBLIC
INSERT INTO PISOS VALUES(353,1,213751.0E0,'ana Maria, 1','Gijon',2002,3,'/album/foto31.jpg')
COMMIT
DISCONNECT
/*C168*/SET SCHEMA PUBLIC
DISCONNECT
/*C169*/SET SCHEMA PUBLIC
DISCONNECT
/*C170*/SET SCHEMA PUBLIC
INSERT INTO PISOS VALUES(354,1,474625.0E0,'avenida Pablo Iglesias, 51','Gijon',1966,4,'/album/foto32.jpg')
COMMIT
DISCONNECT
/*C171*/SET SCHEMA PUBLIC
DISCONNECT
/*C172*/SET SCHEMA PUBLIC
DISCONNECT
/*C173*/SET SCHEMA PUBLIC
INSERT INTO PISOS VALUES(355,1,289902.0E0,'aguado, 31','Gijon',1958,2,'/album/foto33.jpg')
COMMIT
DISCONNECT
/*C174*/SET SCHEMA PUBLIC
DISCONNECT
/*C175*/SET SCHEMA PUBLIC
DISCONNECT
/*C176*/SET SCHEMA PUBLIC
INSERT INTO PISOS VALUES(356,1,471800.0E0,'aragon, 25','Gijon',2001,4,'/album/foto34.jpg')
COMMIT
DISCONNECT
/*C177*/SET SCHEMA PUBLIC
DISCONNECT
/*C178*/SET SCHEMA PUBLIC
DISCONNECT
/*C179*/SET SCHEMA PUBLIC
INSERT INTO PISOS VALUES(357,1,404982.0E0,'Infiesto, 2 Esq.magnus Blikstad','Gijon',2013,4,'/album/foto35.jpg')
COMMIT
DISCONNECT
/*C180*/SET SCHEMA PUBLIC
DISCONNECT
/*C181*/SET SCHEMA PUBLIC
DISCONNECT
/*C182*/SET SCHEMA PUBLIC
INSERT INTO PISOS VALUES(358,1,144770.0E0,'avenida de Galicia, 83','Gijon',1968,3,'/album/foto36.jpg')
COMMIT
DISCONNECT
/*C183*/SET SCHEMA PUBLIC
DISCONNECT
/*C184*/SET SCHEMA PUBLIC
DISCONNECT
/*C185*/SET SCHEMA PUBLIC
DISCONNECT
/*C186*/SET SCHEMA PUBLIC
DISCONNECT
/*C187*/SET SCHEMA PUBLIC
DISCONNECT
/*C188*/SET SCHEMA PUBLIC
DELETE FROM PISOS WHERE ID=323
DELETE FROM PISOS WHERE ID=324
DELETE FROM PISOS WHERE ID=325
DELETE FROM PISOS WHERE ID=326
DELETE FROM PISOS WHERE ID=327
DELETE FROM PISOS WHERE ID=328
DELETE FROM PISOS WHERE ID=329
DELETE FROM PISOS WHERE ID=330
DELETE FROM PISOS WHERE ID=331
DELETE FROM PISOS WHERE ID=332
DELETE FROM PISOS WHERE ID=333
DELETE FROM PISOS WHERE ID=334
DELETE FROM PISOS WHERE ID=335
DELETE FROM PISOS WHERE ID=336
DELETE FROM PISOS WHERE ID=337
DELETE FROM PISOS WHERE ID=338
DELETE FROM PISOS WHERE ID=339
DELETE FROM PISOS WHERE ID=340
DELETE FROM PISOS WHERE ID=341
DELETE FROM PISOS WHERE ID=342
DELETE FROM PISOS WHERE ID=343
DELETE FROM PISOS WHERE ID=344
DELETE FROM PISOS WHERE ID=345
DELETE FROM PISOS WHERE ID=346
DELETE FROM PISOS WHERE ID=347
DELETE FROM PISOS WHERE ID=348
DELETE FROM PISOS WHERE ID=349
DELETE FROM PISOS WHERE ID=350
DELETE FROM PISOS WHERE ID=351
DELETE FROM PISOS WHERE ID=352
DELETE FROM PISOS WHERE ID=353
DELETE FROM PISOS WHERE ID=354
DELETE FROM PISOS WHERE ID=355
DELETE FROM PISOS WHERE ID=356
DELETE FROM PISOS WHERE ID=357
DELETE FROM PISOS WHERE ID=358
COMMIT
DELETE FROM AGENTES WHERE ID=1
DELETE FROM AGENTES WHERE ID=2
COMMIT
INSERT INTO AGENTES VALUES(1,'agente1','clave1')
COMMIT
INSERT INTO AGENTES VALUES(2,'agente2','clave2')
COMMIT
DISCONNECT
/*C189*/SET SCHEMA PUBLIC
DISCONNECT
/*C190*/SET SCHEMA PUBLIC
DISCONNECT
/*C191*/SET SCHEMA PUBLIC
DISCONNECT
/*C192*/SET SCHEMA PUBLIC
DISCONNECT
/*C193*/SET SCHEMA PUBLIC
DISCONNECT
/*C194*/SET SCHEMA PUBLIC
DISCONNECT
/*C195*/SET SCHEMA PUBLIC
DISCONNECT
/*C196*/SET SCHEMA PUBLIC
DISCONNECT
/*C197*/SET SCHEMA PUBLIC
DISCONNECT
/*C198*/SET SCHEMA PUBLIC
DISCONNECT
/*C199*/SET SCHEMA PUBLIC
DISCONNECT
/*C200*/SET SCHEMA PUBLIC
DISCONNECT
/*C201*/SET SCHEMA PUBLIC
DISCONNECT
/*C202*/SET SCHEMA PUBLIC
DISCONNECT
/*C203*/SET SCHEMA PUBLIC
DISCONNECT
/*C204*/SET SCHEMA PUBLIC
DISCONNECT
/*C205*/SET SCHEMA PUBLIC
DISCONNECT
/*C206*/SET SCHEMA PUBLIC
DISCONNECT
/*C207*/SET SCHEMA PUBLIC
DISCONNECT
/*C208*/SET SCHEMA PUBLIC
DISCONNECT
/*C209*/SET SCHEMA PUBLIC
DISCONNECT
/*C210*/SET SCHEMA PUBLIC
DISCONNECT
/*C211*/SET SCHEMA PUBLIC
INSERT INTO PISOS VALUES(368,1,291611.0E0,'Plaza Gabino Diaz Merchan, 1','Oviedo',1998,3,'/album/foto1.jpg')
COMMIT
DISCONNECT
/*C212*/SET SCHEMA PUBLIC
DISCONNECT
/*C213*/SET SCHEMA PUBLIC
DISCONNECT
/*C214*/SET SCHEMA PUBLIC
INSERT INTO PISOS VALUES(369,1,84270.0E0,'avenida de La Tenderina, 7','Oviedo',1982,2,'/album/foto2.jpg')
COMMIT
DISCONNECT
/*C215*/SET SCHEMA PUBLIC
DISCONNECT
/*C216*/SET SCHEMA PUBLIC
DISCONNECT
/*C217*/SET SCHEMA PUBLIC
INSERT INTO PISOS VALUES(370,1,274185.0E0,'Plaza Primo Rivera, 3','Oviedo',1972,2,'/album/foto3.jpg')
COMMIT
DISCONNECT
/*C218*/SET SCHEMA PUBLIC
DISCONNECT
/*C219*/SET SCHEMA PUBLIC
DISCONNECT
/*C220*/SET SCHEMA PUBLIC
INSERT INTO PISOS VALUES(371,1,106227.0E0,'Santa Susana, 2','Oviedo',1954,4,'/album/foto4.jpg')
COMMIT
DISCONNECT
/*C221*/SET SCHEMA PUBLIC
DISCONNECT
/*C222*/SET SCHEMA PUBLIC
DISCONNECT
/*C223*/SET SCHEMA PUBLIC
INSERT INTO PISOS VALUES(372,1,53601.0E0,'San Pedro Mestallon, 3','Oviedo',1992,5,'/album/foto5.jpg')
COMMIT
DISCONNECT
/*C224*/SET SCHEMA PUBLIC
DISCONNECT
/*C225*/SET SCHEMA PUBLIC
DISCONNECT
/*C226*/SET SCHEMA PUBLIC
INSERT INTO PISOS VALUES(373,1,487812.0E0,'Carretera de La Costa, 110','Gijon',2010,5,'/album/foto6.jpg')
COMMIT
DISCONNECT
/*C227*/SET SCHEMA PUBLIC
DISCONNECT
/*C228*/SET SCHEMA PUBLIC
DISCONNECT
/*C229*/SET SCHEMA PUBLIC
INSERT INTO PISOS VALUES(374,1,261888.0E0,'avenida Schultz, 95','Gijon',1978,4,'/album/foto7.jpg')
COMMIT
DISCONNECT
/*C230*/SET SCHEMA PUBLIC
DISCONNECT
/*C231*/SET SCHEMA PUBLIC
DISCONNECT
/*C232*/SET SCHEMA PUBLIC
INSERT INTO PISOS VALUES(375,1,327489.0E0,'avenida del Llano, 30','Gijon',1999,3,'/album/foto8.jpg')
COMMIT
DISCONNECT
/*C233*/SET SCHEMA PUBLIC
DISCONNECT
/*C234*/SET SCHEMA PUBLIC
DISCONNECT
/*C235*/SET SCHEMA PUBLIC
INSERT INTO PISOS VALUES(376,1,67689.0E0,'Plaza del Carmen, 2','Gijon',2005,3,'/album/foto9.jpg')
COMMIT
DISCONNECT
/*C236*/SET SCHEMA PUBLIC
DISCONNECT
/*C237*/SET SCHEMA PUBLIC
DISCONNECT
/*C238*/SET SCHEMA PUBLIC
INSERT INTO PISOS VALUES(377,1,352115.0E0,'Corrida, 5','Gijon',1977,2,'/album/foto10.jpg')
COMMIT
DISCONNECT
/*C239*/SET SCHEMA PUBLIC
DISCONNECT
/*C240*/SET SCHEMA PUBLIC
DISCONNECT
/*C241*/SET SCHEMA PUBLIC
INSERT INTO PISOS VALUES(378,1,372214.0E0,'Corrida, 5 Entreplanta','Gijon',1954,2,'/album/foto11.jpg')
COMMIT
DISCONNECT
/*C242*/SET SCHEMA PUBLIC
DISCONNECT
/*C243*/SET SCHEMA PUBLIC
DISCONNECT
/*C244*/SET SCHEMA PUBLIC
INSERT INTO PISOS VALUES(379,1,390715.0E0,'Plaza del Carmen, 2','Gijon',2006,3,'/album/foto12.jpg')
COMMIT
DISCONNECT
/*C245*/SET SCHEMA PUBLIC
DISCONNECT
/*C246*/SET SCHEMA PUBLIC
DISCONNECT
/*C247*/SET SCHEMA PUBLIC
INSERT INTO PISOS VALUES(380,1,263032.0E0,'Uria, 34','Gijon',1983,5,'/album/foto13.jpg')
COMMIT
DISCONNECT
/*C248*/SET SCHEMA PUBLIC
DISCONNECT
/*C249*/SET SCHEMA PUBLIC
DISCONNECT
/*C250*/SET SCHEMA PUBLIC
INSERT INTO PISOS VALUES(381,1,449565.0E0,'avenida constitucion, 64','Gijon',1959,3,'/album/foto14.jpg')
COMMIT
DISCONNECT
/*C251*/SET SCHEMA PUBLIC
DISCONNECT
/*C252*/SET SCHEMA PUBLIC
DISCONNECT
/*C253*/SET SCHEMA PUBLIC
INSERT INTO PISOS VALUES(382,1,67452.0E0,'Camara, 33','aviles',1976,1,'/album/foto15.jpg')
COMMIT
DISCONNECT
/*C254*/SET SCHEMA PUBLIC
DISCONNECT
/*C255*/SET SCHEMA PUBLIC
DISCONNECT
/*C256*/SET SCHEMA PUBLIC
INSERT INTO PISOS VALUES(383,1,448391.0E0,'Francisco Legorburu, 6','aviles',2016,1,'/album/foto16.jpg')
COMMIT
DISCONNECT
/*C257*/SET SCHEMA PUBLIC
DISCONNECT
/*C258*/SET SCHEMA PUBLIC
DISCONNECT
/*C259*/SET SCHEMA PUBLIC
INSERT INTO PISOS VALUES(384,1,253116.0E0,'Leon Y Escosura, 3','Oviedo',1972,1,'/album/foto17.jpg')
COMMIT
DISCONNECT
/*C260*/SET SCHEMA PUBLIC
DISCONNECT
/*C261*/SET SCHEMA PUBLIC
DISCONNECT
/*C262*/SET SCHEMA PUBLIC
INSERT INTO PISOS VALUES(385,1,54482.0E0,'Plaza de Cuatro Ca\u00c3\u00b1os, 8 Bajo','Oviedo',1952,4,'/album/foto18.jpg')
COMMIT
DISCONNECT
/*C263*/SET SCHEMA PUBLIC
DISCONNECT
/*C264*/SET SCHEMA PUBLIC
DISCONNECT
/*C265*/SET SCHEMA PUBLIC
INSERT INTO PISOS VALUES(386,1,184286.0E0,'Mendizabal, 1','Oviedo',1991,1,'/album/foto19.jpg')
COMMIT
DISCONNECT
/*C266*/SET SCHEMA PUBLIC
DISCONNECT
/*C267*/SET SCHEMA PUBLIC
DISCONNECT
/*C268*/SET SCHEMA PUBLIC
INSERT INTO PISOS VALUES(387,1,489822.0E0,'Bermudez de Castro, 6','Oviedo',1974,5,'/album/foto20.jpg')
COMMIT
DISCONNECT
/*C269*/SET SCHEMA PUBLIC
DISCONNECT
/*C270*/SET SCHEMA PUBLIC
DISCONNECT
/*C271*/SET SCHEMA PUBLIC
INSERT INTO PISOS VALUES(388,1,444621.0E0,'Mendizabal, 1','Oviedo',1982,5,'/album/foto21.jpg')
COMMIT
DISCONNECT
/*C272*/SET SCHEMA PUBLIC
DISCONNECT
/*C273*/SET SCHEMA PUBLIC
DISCONNECT
/*C274*/SET SCHEMA PUBLIC
INSERT INTO PISOS VALUES(389,1,404299.0E0,'Reyes Catolicos, 5','Oviedo',1971,2,'/album/foto22.jpg')
COMMIT
DISCONNECT
/*C275*/SET SCHEMA PUBLIC
DISCONNECT
/*C276*/SET SCHEMA PUBLIC
DISCONNECT
/*C277*/SET SCHEMA PUBLIC
INSERT INTO PISOS VALUES(390,1,378058.0E0,'Covadonga, 6','Oviedo',1987,3,'/album/foto23.jpg')
COMMIT
DISCONNECT
/*C278*/SET SCHEMA PUBLIC
DISCONNECT
/*C279*/SET SCHEMA PUBLIC
DISCONNECT
/*C280*/SET SCHEMA PUBLIC
INSERT INTO PISOS VALUES(391,1,209452.0E0,'avenida Santander, 12','Oviedo',1962,5,'/album/foto24.jpg')
COMMIT
DISCONNECT
/*C281*/SET SCHEMA PUBLIC
DISCONNECT
/*C282*/SET SCHEMA PUBLIC
DISCONNECT
/*C283*/SET SCHEMA PUBLIC
INSERT INTO PISOS VALUES(392,1,351752.0E0,'Marques de Pidal, 9','Oviedo',1969,4,'/album/foto25.jpg')
COMMIT
DISCONNECT
/*C284*/SET SCHEMA PUBLIC
DISCONNECT
/*C285*/SET SCHEMA PUBLIC
DISCONNECT
/*C286*/SET SCHEMA PUBLIC
INSERT INTO PISOS VALUES(393,1,446278.0E0,'avenida Galicia, 5','Oviedo',1974,3,'/album/foto26.jpg')
COMMIT
DISCONNECT
/*C287*/SET SCHEMA PUBLIC
DISCONNECT
/*C288*/SET SCHEMA PUBLIC
DISCONNECT
/*C289*/SET SCHEMA PUBLIC
INSERT INTO PISOS VALUES(394,1,260795.0E0,'Plaza 6 de agosto, 6','Gijon',1981,2,'/album/foto27.jpg')
COMMIT
DISCONNECT
/*C290*/SET SCHEMA PUBLIC
DISCONNECT
/*C291*/SET SCHEMA PUBLIC
DISCONNECT
/*C292*/SET SCHEMA PUBLIC
INSERT INTO PISOS VALUES(395,1,492852.0E0,'avenida argentina, 72','Gijon',2011,2,'/album/foto28.jpg')
COMMIT
DISCONNECT
/*C293*/SET SCHEMA PUBLIC
DISCONNECT
/*C294*/SET SCHEMA PUBLIC
DISCONNECT
/*C295*/SET SCHEMA PUBLIC
INSERT INTO PISOS VALUES(396,1,217095.0E0,'avenida Castilla, 6','Gijon',1980,4,'/album/foto29.jpg')
COMMIT
DISCONNECT
/*C296*/SET SCHEMA PUBLIC
DISCONNECT
/*C297*/SET SCHEMA PUBLIC
DISCONNECT
/*C298*/SET SCHEMA PUBLIC
INSERT INTO PISOS VALUES(397,1,83368.0E0,'San Bernardo, 45','Gijon',1977,4,'/album/foto30.jpg')
COMMIT
DISCONNECT
/*C299*/SET SCHEMA PUBLIC
DISCONNECT
/*C300*/SET SCHEMA PUBLIC
DISCONNECT
/*C301*/SET SCHEMA PUBLIC
INSERT INTO PISOS VALUES(398,1,213751.0E0,'ana Maria, 1','Gijon',2002,3,'/album/foto31.jpg')
COMMIT
DISCONNECT
/*C302*/SET SCHEMA PUBLIC
DISCONNECT
/*C303*/SET SCHEMA PUBLIC
DISCONNECT
/*C304*/SET SCHEMA PUBLIC
INSERT INTO PISOS VALUES(399,1,474625.0E0,'avenida Pablo Iglesias, 51','Gijon',1966,4,'/album/foto32.jpg')
COMMIT
DISCONNECT
/*C305*/SET SCHEMA PUBLIC
DISCONNECT
/*C306*/SET SCHEMA PUBLIC
DISCONNECT
/*C307*/SET SCHEMA PUBLIC
INSERT INTO PISOS VALUES(400,1,289902.0E0,'aguado, 31','Gijon',1958,2,'/album/foto33.jpg')
COMMIT
DISCONNECT
/*C308*/SET SCHEMA PUBLIC
DISCONNECT
/*C309*/SET SCHEMA PUBLIC
DISCONNECT
/*C310*/SET SCHEMA PUBLIC
INSERT INTO PISOS VALUES(401,1,471800.0E0,'aragon, 25','Gijon',2001,4,'/album/foto34.jpg')
COMMIT
DISCONNECT
/*C311*/SET SCHEMA PUBLIC
DISCONNECT
/*C312*/SET SCHEMA PUBLIC
DISCONNECT
/*C313*/SET SCHEMA PUBLIC
INSERT INTO PISOS VALUES(402,1,404982.0E0,'Infiesto, 2 Esq.magnus Blikstad','Gijon',2013,4,'/album/foto35.jpg')
COMMIT
DISCONNECT
/*C314*/SET SCHEMA PUBLIC
DISCONNECT
/*C315*/SET SCHEMA PUBLIC
DISCONNECT
/*C316*/SET SCHEMA PUBLIC
INSERT INTO PISOS VALUES(403,1,144770.0E0,'avenida de Galicia, 83','Gijon',1968,3,'/album/foto36.jpg')
COMMIT
DISCONNECT
/*C317*/SET SCHEMA PUBLIC
DISCONNECT
/*C318*/SET SCHEMA PUBLIC
DISCONNECT
/*C319*/SET SCHEMA PUBLIC
INSERT INTO PISOS VALUES(404,1,422136.0E0,'alava, 11','Gijon',1956,3,'/album/foto37.jpg')
COMMIT
DISCONNECT
/*C320*/SET SCHEMA PUBLIC
DISCONNECT
/*C321*/SET SCHEMA PUBLIC
DISCONNECT
/*C322*/SET SCHEMA PUBLIC
DISCONNECT
/*C323*/SET SCHEMA PUBLIC
DISCONNECT
/*C324*/SET SCHEMA PUBLIC
DISCONNECT
/*C325*/SET SCHEMA PUBLIC
DISCONNECT
/*C326*/SET SCHEMA PUBLIC
DISCONNECT
/*C327*/SET SCHEMA PUBLIC
DISCONNECT
/*C328*/SET SCHEMA PUBLIC
DISCONNECT
/*C329*/SET SCHEMA PUBLIC
DISCONNECT
/*C330*/SET SCHEMA PUBLIC
DISCONNECT
/*C331*/SET SCHEMA PUBLIC
DISCONNECT
/*C332*/SET SCHEMA PUBLIC
DISCONNECT
/*C333*/SET SCHEMA PUBLIC
DISCONNECT
/*C334*/SET SCHEMA PUBLIC
DISCONNECT
/*C335*/SET SCHEMA PUBLIC
DISCONNECT
/*C336*/SET SCHEMA PUBLIC
DISCONNECT
/*C337*/SET SCHEMA PUBLIC
DISCONNECT
/*C338*/SET SCHEMA PUBLIC
DISCONNECT
/*C339*/SET SCHEMA PUBLIC
DISCONNECT
/*C340*/SET SCHEMA PUBLIC
DISCONNECT
/*C341*/SET SCHEMA PUBLIC
DISCONNECT
/*C342*/SET SCHEMA PUBLIC
DISCONNECT
/*C343*/SET SCHEMA PUBLIC
DISCONNECT
/*C344*/SET SCHEMA PUBLIC
DISCONNECT
/*C345*/SET SCHEMA PUBLIC
DISCONNECT
/*C346*/SET SCHEMA PUBLIC
DISCONNECT
/*C347*/SET SCHEMA PUBLIC
DISCONNECT
/*C348*/SET SCHEMA PUBLIC
DISCONNECT
/*C349*/SET SCHEMA PUBLIC
DISCONNECT
/*C350*/SET SCHEMA PUBLIC
INSERT INTO PISOS VALUES(405,1,291611.0E0,'Plaza Gabino Diaz Merchan, 1','Oviedo',1998,3,'/album/foto1.jpg')
COMMIT
DISCONNECT
/*C351*/SET SCHEMA PUBLIC
DISCONNECT
/*C352*/SET SCHEMA PUBLIC
DISCONNECT
/*C353*/SET SCHEMA PUBLIC
INSERT INTO PISOS VALUES(406,1,84270.0E0,'avenida de La Tenderina, 7','Oviedo',1982,2,'/album/foto2.jpg')
COMMIT
DISCONNECT
/*C354*/SET SCHEMA PUBLIC
DISCONNECT
/*C355*/SET SCHEMA PUBLIC
DISCONNECT
/*C356*/SET SCHEMA PUBLIC
INSERT INTO PISOS VALUES(407,1,274185.0E0,'Plaza Primo Rivera, 3','Oviedo',1972,2,'/album/foto3.jpg')
COMMIT
DISCONNECT
/*C357*/SET SCHEMA PUBLIC
DISCONNECT
/*C358*/SET SCHEMA PUBLIC
DISCONNECT
/*C359*/SET SCHEMA PUBLIC
INSERT INTO PISOS VALUES(408,1,106227.0E0,'Santa Susana, 2','Oviedo',1954,4,'/album/foto4.jpg')
COMMIT
DISCONNECT
/*C360*/SET SCHEMA PUBLIC
DISCONNECT
/*C361*/SET SCHEMA PUBLIC
DISCONNECT
/*C362*/SET SCHEMA PUBLIC
INSERT INTO PISOS VALUES(409,1,53601.0E0,'San Pedro Mestallon, 3','Oviedo',1992,5,'/album/foto5.jpg')
COMMIT
DISCONNECT
/*C363*/SET SCHEMA PUBLIC
DISCONNECT
/*C364*/SET SCHEMA PUBLIC
DISCONNECT
/*C365*/SET SCHEMA PUBLIC
INSERT INTO PISOS VALUES(410,1,487812.0E0,'Carretera de La Costa, 110','Gijon',2010,5,'/album/foto6.jpg')
COMMIT
DISCONNECT
/*C366*/SET SCHEMA PUBLIC
DISCONNECT
/*C367*/SET SCHEMA PUBLIC
DISCONNECT
/*C368*/SET SCHEMA PUBLIC
INSERT INTO PISOS VALUES(411,1,261888.0E0,'avenida Schultz, 95','Gijon',1978,4,'/album/foto7.jpg')
COMMIT
DISCONNECT
/*C369*/SET SCHEMA PUBLIC
DISCONNECT
/*C370*/SET SCHEMA PUBLIC
DISCONNECT
/*C371*/SET SCHEMA PUBLIC
INSERT INTO PISOS VALUES(412,1,327489.0E0,'avenida del Llano, 30','Gijon',1999,3,'/album/foto8.jpg')
COMMIT
DISCONNECT
/*C372*/SET SCHEMA PUBLIC
DISCONNECT
/*C373*/SET SCHEMA PUBLIC
DISCONNECT
/*C374*/SET SCHEMA PUBLIC
INSERT INTO PISOS VALUES(413,1,67689.0E0,'Plaza del Carmen, 2','Gijon',2005,3,'/album/foto9.jpg')
COMMIT
DISCONNECT
/*C375*/SET SCHEMA PUBLIC
DISCONNECT
/*C376*/SET SCHEMA PUBLIC
DISCONNECT
/*C377*/SET SCHEMA PUBLIC
INSERT INTO PISOS VALUES(414,1,352115.0E0,'Corrida, 5','Gijon',1977,2,'/album/foto10.jpg')
COMMIT
DISCONNECT
/*C378*/SET SCHEMA PUBLIC
DISCONNECT
/*C379*/SET SCHEMA PUBLIC
DISCONNECT
/*C380*/SET SCHEMA PUBLIC
INSERT INTO PISOS VALUES(415,1,372214.0E0,'Corrida, 5 Entreplanta','Gijon',1954,2,'/album/foto11.jpg')
COMMIT
DISCONNECT
/*C381*/SET SCHEMA PUBLIC
DISCONNECT
/*C382*/SET SCHEMA PUBLIC
DISCONNECT
/*C383*/SET SCHEMA PUBLIC
INSERT INTO PISOS VALUES(416,1,390715.0E0,'Plaza del Carmen, 2','Gijon',2006,3,'/album/foto12.jpg')
COMMIT
DISCONNECT
/*C384*/SET SCHEMA PUBLIC
DISCONNECT
/*C385*/SET SCHEMA PUBLIC
DISCONNECT
/*C386*/SET SCHEMA PUBLIC
INSERT INTO PISOS VALUES(417,1,263032.0E0,'Uria, 34','Gijon',1983,5,'/album/foto13.jpg')
COMMIT
DISCONNECT
/*C387*/SET SCHEMA PUBLIC
DISCONNECT
/*C388*/SET SCHEMA PUBLIC
DISCONNECT
/*C389*/SET SCHEMA PUBLIC
INSERT INTO PISOS VALUES(418,1,449565.0E0,'avenida constitucion, 64','Gijon',1959,3,'/album/foto14.jpg')
COMMIT
DISCONNECT
/*C390*/SET SCHEMA PUBLIC
DISCONNECT
/*C391*/SET SCHEMA PUBLIC
DISCONNECT
/*C392*/SET SCHEMA PUBLIC
INSERT INTO PISOS VALUES(419,1,67452.0E0,'Camara, 33','aviles',1976,1,'/album/foto15.jpg')
COMMIT
DISCONNECT
/*C393*/SET SCHEMA PUBLIC
DISCONNECT
/*C394*/SET SCHEMA PUBLIC
DISCONNECT
/*C395*/SET SCHEMA PUBLIC
INSERT INTO PISOS VALUES(420,1,448391.0E0,'Francisco Legorburu, 6','aviles',2016,1,'/album/foto16.jpg')
COMMIT
DISCONNECT
/*C396*/SET SCHEMA PUBLIC
DISCONNECT
/*C397*/SET SCHEMA PUBLIC
DISCONNECT
/*C398*/SET SCHEMA PUBLIC
INSERT INTO PISOS VALUES(421,1,253116.0E0,'Leon Y Escosura, 3','Oviedo',1972,1,'/album/foto17.jpg')
COMMIT
DISCONNECT
/*C399*/SET SCHEMA PUBLIC
DISCONNECT
/*C400*/SET SCHEMA PUBLIC
DISCONNECT
/*C401*/SET SCHEMA PUBLIC
INSERT INTO PISOS VALUES(422,1,54482.0E0,'Plaza de Cuatro Ca\u00c3\u00b1os, 8 Bajo','Oviedo',1952,4,'/album/foto18.jpg')
COMMIT
DISCONNECT
/*C402*/SET SCHEMA PUBLIC
DISCONNECT
/*C403*/SET SCHEMA PUBLIC
DISCONNECT
/*C404*/SET SCHEMA PUBLIC
INSERT INTO PISOS VALUES(423,1,184286.0E0,'Mendizabal, 1','Oviedo',1991,1,'/album/foto19.jpg')
COMMIT
DISCONNECT
/*C405*/SET SCHEMA PUBLIC
DISCONNECT
/*C406*/SET SCHEMA PUBLIC
DISCONNECT
/*C407*/SET SCHEMA PUBLIC
INSERT INTO PISOS VALUES(424,1,489822.0E0,'Bermudez de Castro, 6','Oviedo',1974,5,'/album/foto20.jpg')
COMMIT
DISCONNECT
/*C408*/SET SCHEMA PUBLIC
DISCONNECT
/*C409*/SET SCHEMA PUBLIC
DISCONNECT
/*C410*/SET SCHEMA PUBLIC
INSERT INTO PISOS VALUES(425,1,444621.0E0,'Mendizabal, 1','Oviedo',1982,5,'/album/foto21.jpg')
COMMIT
DISCONNECT
/*C411*/SET SCHEMA PUBLIC
DISCONNECT
/*C412*/SET SCHEMA PUBLIC
DISCONNECT
/*C413*/SET SCHEMA PUBLIC
INSERT INTO PISOS VALUES(426,1,404299.0E0,'Reyes Catolicos, 5','Oviedo',1971,2,'/album/foto22.jpg')
COMMIT
DISCONNECT
/*C414*/SET SCHEMA PUBLIC
DISCONNECT
/*C415*/SET SCHEMA PUBLIC
DISCONNECT
/*C416*/SET SCHEMA PUBLIC
INSERT INTO PISOS VALUES(427,1,378058.0E0,'Covadonga, 6','Oviedo',1987,3,'/album/foto23.jpg')
COMMIT
DISCONNECT
/*C417*/SET SCHEMA PUBLIC
DISCONNECT
/*C418*/SET SCHEMA PUBLIC
DISCONNECT
/*C419*/SET SCHEMA PUBLIC
INSERT INTO PISOS VALUES(428,1,209452.0E0,'avenida Santander, 12','Oviedo',1962,5,'/album/foto24.jpg')
COMMIT
DISCONNECT
/*C420*/SET SCHEMA PUBLIC
DISCONNECT
/*C421*/SET SCHEMA PUBLIC
DISCONNECT
/*C422*/SET SCHEMA PUBLIC
INSERT INTO PISOS VALUES(429,1,351752.0E0,'Marques de Pidal, 9','Oviedo',1969,4,'/album/foto25.jpg')
COMMIT
DISCONNECT
/*C423*/SET SCHEMA PUBLIC
DISCONNECT
/*C424*/SET SCHEMA PUBLIC
DISCONNECT
/*C425*/SET SCHEMA PUBLIC
INSERT INTO PISOS VALUES(430,1,446278.0E0,'avenida Galicia, 5','Oviedo',1974,3,'/album/foto26.jpg')
COMMIT
DISCONNECT
/*C426*/SET SCHEMA PUBLIC
DISCONNECT
/*C427*/SET SCHEMA PUBLIC
DISCONNECT
/*C428*/SET SCHEMA PUBLIC
INSERT INTO PISOS VALUES(431,1,260795.0E0,'Plaza 6 de agosto, 6','Gijon',1981,2,'/album/foto27.jpg')
COMMIT
DISCONNECT
/*C429*/SET SCHEMA PUBLIC
DISCONNECT
/*C430*/SET SCHEMA PUBLIC
DISCONNECT
/*C431*/SET SCHEMA PUBLIC
INSERT INTO PISOS VALUES(432,1,492852.0E0,'avenida argentina, 72','Gijon',2011,2,'/album/foto28.jpg')
COMMIT
DISCONNECT
/*C432*/SET SCHEMA PUBLIC
DISCONNECT
/*C433*/SET SCHEMA PUBLIC
DISCONNECT
/*C434*/SET SCHEMA PUBLIC
INSERT INTO PISOS VALUES(433,1,217095.0E0,'avenida Castilla, 6','Gijon',1980,4,'/album/foto29.jpg')
COMMIT
DISCONNECT
/*C435*/SET SCHEMA PUBLIC
DISCONNECT
/*C436*/SET SCHEMA PUBLIC
DISCONNECT
/*C437*/SET SCHEMA PUBLIC
INSERT INTO PISOS VALUES(434,1,83368.0E0,'San Bernardo, 45','Gijon',1977,4,'/album/foto30.jpg')
COMMIT
DISCONNECT
/*C438*/SET SCHEMA PUBLIC
DISCONNECT
/*C439*/SET SCHEMA PUBLIC
DISCONNECT
/*C440*/SET SCHEMA PUBLIC
INSERT INTO PISOS VALUES(435,1,213751.0E0,'ana Maria, 1','Gijon',2002,3,'/album/foto31.jpg')
COMMIT
DISCONNECT
/*C441*/SET SCHEMA PUBLIC
DISCONNECT
/*C442*/SET SCHEMA PUBLIC
DISCONNECT
/*C443*/SET SCHEMA PUBLIC
INSERT INTO PISOS VALUES(436,1,474625.0E0,'avenida Pablo Iglesias, 51','Gijon',1966,4,'/album/foto32.jpg')
COMMIT
DISCONNECT
/*C444*/SET SCHEMA PUBLIC
DISCONNECT
/*C445*/SET SCHEMA PUBLIC
DISCONNECT
/*C446*/SET SCHEMA PUBLIC
INSERT INTO PISOS VALUES(437,1,289902.0E0,'aguado, 31','Gijon',1958,2,'/album/foto33.jpg')
COMMIT
DISCONNECT
/*C447*/SET SCHEMA PUBLIC
DISCONNECT
/*C448*/SET SCHEMA PUBLIC
DISCONNECT
/*C449*/SET SCHEMA PUBLIC
INSERT INTO PISOS VALUES(438,1,471800.0E0,'aragon, 25','Gijon',2001,4,'/album/foto34.jpg')
COMMIT
DISCONNECT
/*C450*/SET SCHEMA PUBLIC
DISCONNECT
/*C451*/SET SCHEMA PUBLIC
DISCONNECT
/*C452*/SET SCHEMA PUBLIC
INSERT INTO PISOS VALUES(439,1,404982.0E0,'Infiesto, 2 Esq.magnus Blikstad','Gijon',2013,4,'/album/foto35.jpg')
COMMIT
DISCONNECT
/*C453*/SET SCHEMA PUBLIC
DISCONNECT
/*C454*/SET SCHEMA PUBLIC
DISCONNECT
/*C455*/SET SCHEMA PUBLIC
INSERT INTO PISOS VALUES(440,1,144770.0E0,'avenida de Galicia, 83','Gijon',1968,3,'/album/foto36.jpg')
COMMIT
DISCONNECT
/*C456*/SET SCHEMA PUBLIC
DISCONNECT
/*C457*/SET SCHEMA PUBLIC
DISCONNECT
/*C458*/SET SCHEMA PUBLIC
INSERT INTO PISOS VALUES(441,1,422136.0E0,'alava, 11','Gijon',1956,3,'/album/foto37.jpg')
COMMIT
DISCONNECT
/*C459*/SET SCHEMA PUBLIC
DISCONNECT
/*C460*/SET SCHEMA PUBLIC
DISCONNECT
/*C461*/SET SCHEMA PUBLIC
DISCONNECT
/*C462*/SET SCHEMA PUBLIC
DISCONNECT
/*C463*/SET SCHEMA PUBLIC
DISCONNECT
/*C464*/SET SCHEMA PUBLIC
DISCONNECT
/*C465*/SET SCHEMA PUBLIC
DISCONNECT
/*C466*/SET SCHEMA PUBLIC
DISCONNECT
/*C467*/SET SCHEMA PUBLIC
DISCONNECT
/*C468*/SET SCHEMA PUBLIC
DISCONNECT
/*C469*/SET SCHEMA PUBLIC
DISCONNECT
/*C470*/SET SCHEMA PUBLIC
DISCONNECT
/*C471*/SET SCHEMA PUBLIC
DISCONNECT
/*C472*/SET SCHEMA PUBLIC
DISCONNECT
/*C473*/SET SCHEMA PUBLIC
DISCONNECT
/*C474*/SET SCHEMA PUBLIC
DISCONNECT
/*C475*/SET SCHEMA PUBLIC
DISCONNECT
/*C476*/SET SCHEMA PUBLIC
DISCONNECT
/*C477*/SET SCHEMA PUBLIC
DISCONNECT
/*C478*/SET SCHEMA PUBLIC
DISCONNECT
/*C479*/SET SCHEMA PUBLIC
DISCONNECT
/*C480*/SET SCHEMA PUBLIC
DISCONNECT
/*C481*/SET SCHEMA PUBLIC
DISCONNECT
/*C482*/SET SCHEMA PUBLIC
DISCONNECT
/*C483*/SET SCHEMA PUBLIC
DISCONNECT
/*C484*/SET SCHEMA PUBLIC
INSERT INTO PISOS VALUES(442,1,1234567.0E0,'Univesidad','Oviedo',2021,1,'album/piso5.jpg')
COMMIT
DISCONNECT
/*C485*/SET SCHEMA PUBLIC
DISCONNECT
/*C486*/SET SCHEMA PUBLIC
DISCONNECT
/*C487*/SET SCHEMA PUBLIC
DISCONNECT
/*C488*/SET SCHEMA PUBLIC
DISCONNECT
/*C489*/SET SCHEMA PUBLIC
DISCONNECT
/*C490*/SET SCHEMA PUBLIC
DISCONNECT
/*C491*/SET SCHEMA PUBLIC
DISCONNECT
/*C492*/SET SCHEMA PUBLIC
DISCONNECT
/*C493*/SET SCHEMA PUBLIC
DISCONNECT
/*C494*/SET SCHEMA PUBLIC
DISCONNECT
